<?xml version="1.0" encoding="UTF-8"?>
<testng-results ignored="1" total="9" passed="7" failed="1" skipped="0">
  <reporter-output>
  </reporter-output>
  <suite started-at="2024-07-31T16:37:01 IST" name="Loan Department" finished-at="2024-07-31T16:37:01 IST" duration-ms="277">
    <groups>
    </groups>
    <test started-at="2024-07-31T16:37:01 IST" name="Car loan" finished-at="2024-07-31T16:37:01 IST" duration-ms="161">
      <class name="test.SampleDemo3">
        <test-method signature="MobileloginCarLoan()[pri:0, instance:test.SampleDemo3@9fecdf1]" started-at="2024-07-31T16:37:01 IST" name="MobileloginCarLoan" finished-at="2024-07-31T16:37:01 IST" duration-ms="14" status="PASS">
          <reporter-output>
          </reporter-output>
        </test-method> <!-- MobileloginCarLoan -->
        <test-method signature="WebloginCarLoan()[pri:0, instance:test.SampleDemo3@9fecdf1]" started-at="2024-07-31T16:37:01 IST" name="WebloginCarLoan" finished-at="2024-07-31T16:37:01 IST" duration-ms="9" status="PASS">
          <reporter-output>
          </reporter-output>
        </test-method> <!-- WebloginCarLoan -->
      </class> <!-- test.SampleDemo3 -->
    </test> <!-- Car loan -->
    <test started-at="2024-07-31T16:37:01 IST" name="Personel loan" finished-at="2024-07-31T16:37:01 IST" duration-ms="277">
      <class name="test.SampleDemo4">
        <test-method signature="LoginApiHomeLoan()[pri:0, instance:test.SampleDemo4@3f2049b6]" started-at="2024-07-31T16:37:01 IST" name="LoginApiHomeLoan" finished-at="2024-07-31T16:37:01 IST" duration-ms="4" status="PASS">
          <reporter-output>
          </reporter-output>
        </test-method> <!-- LoginApiHomeLoan -->
        <test-method signature="MobileloginHomeLoan()[pri:0, instance:test.SampleDemo4@3f2049b6]" started-at="2024-07-31T16:37:01 IST" name="MobileloginHomeLoan" finished-at="2024-07-31T16:37:01 IST" duration-ms="9" status="PASS">
          <reporter-output>
          </reporter-output>
        </test-method> <!-- MobileloginHomeLoan -->
        <test-method signature="WebloginHomeLoan()[pri:0, instance:test.SampleDemo4@3f2049b6]" started-at="2024-07-31T16:37:01 IST" name="WebloginHomeLoan" finished-at="2024-07-31T16:37:01 IST" duration-ms="4" status="PASS">
          <reporter-output>
          </reporter-output>
        </test-method> <!-- WebloginHomeLoan -->
      </class> <!-- test.SampleDemo4 -->
      <class name="test.SampleDemo2">
        <test-method signature="Demo()[pri:0, instance:test.SampleDemo2@28a2a3e7]" started-at="2024-07-31T16:37:01 IST" name="Demo" finished-at="2024-07-31T16:37:01 IST" duration-ms="4" status="PASS">
          <reporter-output>
          </reporter-output>
        </test-method> <!-- Demo -->
      </class> <!-- test.SampleDemo2 -->
      <class name="test.SampleDemo">
        <test-method is-config="true" signature="samplebeforclass()[pri:0, instance:test.SampleDemo@751e664e]" started-at="2024-07-31T16:37:01 IST" name="samplebeforclass" finished-at="2024-07-31T16:37:01 IST" duration-ms="21" status="PASS">
          <reporter-output>
          </reporter-output>
        </test-method> <!-- samplebeforclass -->
        <test-method signature="Demo()[pri:0, instance:test.SampleDemo@751e664e]" started-at="2024-07-31T16:37:01 IST" name="Demo" finished-at="2024-07-31T16:37:01 IST" duration-ms="67" status="FAIL">
          <exception class="java.lang.AssertionError">
            <message>
              <![CDATA[expected [true] but found [false]]]>
            </message>
            <full-stacktrace>
              <![CDATA[java.lang.AssertionError: expected [true] but found [false]
at org.testng.Assert.fail(Assert.java:99)
at org.testng.Assert.failNotEquals(Assert.java:1037)
at org.testng.Assert.assertTrue(Assert.java:45)
at org.testng.Assert.assertTrue(Assert.java:55)
at test.SampleDemo.Demo(SampleDemo.java:18)
at java.base/jdk.internal.reflect.NativeMethodAccessorImpl.invoke0(Native Method)
at java.base/jdk.internal.reflect.NativeMethodAccessorImpl.invoke(NativeMethodAccessorImpl.java:77)
at java.base/jdk.internal.reflect.DelegatingMethodAccessorImpl.invoke(DelegatingMethodAccessorImpl.java:43)
at java.base/java.lang.reflect.Method.invoke(Method.java:568)
at org.testng.internal.MethodInvocationHelper.invokeMethod(MethodInvocationHelper.java:133)
at org.testng.internal.TestInvoker.invokeMethod(TestInvoker.java:598)
at org.testng.internal.TestInvoker.invokeTestMethod(TestInvoker.java:173)
at org.testng.internal.MethodRunner.runInSequence(MethodRunner.java:46)
at org.testng.internal.TestInvoker$MethodInvocationAgent.invoke(TestInvoker.java:824)
at org.testng.internal.TestInvoker.invokeTestMethods(TestInvoker.java:146)
at org.testng.internal.TestMethodWorker.invokeTestMethods(TestMethodWorker.java:146)
at org.testng.internal.TestMethodWorker.run(TestMethodWorker.java:128)
at java.base/java.util.ArrayList.forEach(ArrayList.java:1511)
at org.testng.TestRunner.privateRun(TestRunner.java:794)
at org.testng.TestRunner.run(TestRunner.java:596)
at org.testng.SuiteRunner.runTest(SuiteRunner.java:377)
at org.testng.SuiteRunner.access$000(SuiteRunner.java:28)
at org.testng.SuiteRunner$SuiteWorker.run(SuiteRunner.java:418)
at org.testng.internal.thread.ThreadUtil.lambda$execute$0(ThreadUtil.java:64)
at java.base/java.util.concurrent.FutureTask.run(FutureTask.java:264)
at java.base/java.util.concurrent.ThreadPoolExecutor.runWorker(ThreadPoolExecutor.java:1136)
at java.base/java.util.concurrent.ThreadPoolExecutor$Worker.run(ThreadPoolExecutor.java:635)
at java.base/java.lang.Thread.run(Thread.java:833)
]]>
            </full-stacktrace>
          </exception> <!-- java.lang.AssertionError -->
          <reporter-output>
          </reporter-output>
        </test-method> <!-- Demo -->
        <test-method signature="SecondTest()[pri:0, instance:test.SampleDemo@751e664e]" started-at="2024-07-31T16:37:01 IST" name="SecondTest" finished-at="2024-07-31T16:37:01 IST" duration-ms="17" status="PASS">
          <reporter-output>
          </reporter-output>
        </test-method> <!-- SecondTest -->
      </class> <!-- test.SampleDemo -->
    </test> <!-- Personel loan -->
  </suite> <!-- Loan Department -->
</testng-results>
